<?xml version="1.0" encoding="UTF-8"?>
<!-- Generated by org.testng.reporters.JUnitXMLReporter -->
<testsuite ignored="0" hostname="LAPTOP-6VBBQSOM" failures="0" tests="3" name="Test" time="20.876" errors="0" timestamp="2023-02-04T17:05:22 IST">
  <testcase classname="com.SauceDemo.TestPackage.TC_01VerifyLoginFunctionality" name="verifyLoginFunctionality" time="0.028"/>
  <testcase classname="com.SauceDemo.TestPackage.TC003AddToCartFunctinality" name="VerifyAddToCartFunctionality" time="0.424"/>
  <testcase classname="com.SauceDemo.TestPackage.TC_002VerifylogoutFunctionalitySauceDemo" name="verifyLogOutFunctionality" time="0.314"/>
</testsuite> <!-- Test -->
